{
  "stats": {
    "suites": 0,
    "tests": 3,
    "passes": 3,
    "pending": 0,
    "failures": 0,
    "start": "2024-08-14T15:23:05.593Z",
    "end": "2024-08-14T15:23:06.441Z",
    "duration": 848,
    "testsRegistered": 3,
    "passPercent": 100,
    "pendingPercent": 0,
    "other": 0,
    "hasOther": false,
    "skipped": 0,
    "hasSkipped": false
  },
  "results": [
    {
      "uuid": "a2cec18d-7dac-4b1e-8ea9-d6572a16631d",
      "title": "",
      "fullFile": "",
      "file": "C:\\Users\\THINKPAD\\Digital Skola\\api-automation-ds-batch5\\test\\test-demo.js",
      "beforeHooks": [],
      "afterHooks": [],
      "tests": [
        {
          "title": "GET objects",
          "fullTitle": "GET objects",
          "timedOut": false,
          "duration": 499,
          "state": "passed",
          "speed": "slow",
          "pass": true,
          "fail": false,
          "pending": false,
          "context": null,
          "code": "const response = await request(\"https://api.restful-api.dev/\").get(\"objects\");\nconsole.log('status: ' + response.statusCode);\nconsole.log('isi bodynya: ' + response.body);\n//assertion",
          "err": {},
          "uuid": "038921a6-4453-4f47-be3d-8c4cb1b3d1e3",
          "parentUUID": "a2cec18d-7dac-4b1e-8ea9-d6572a16631d",
          "isHook": false,
          "skipped": false
        },
        {
          "title": "POST objects",
          "fullTitle": "POST objects",
          "timedOut": false,
          "duration": 188,
          "state": "passed",
          "speed": "slow",
          "pass": true,
          "fail": false,
          "pending": false,
          "context": null,
          "code": "const body = {\n    \"name\": \"MacBook Pro\",\n    \"data\": {\n        \"year\": 2024,\n        \"price\": 10000,\n        \"CPU model\": \"Intel Core i7\",\n        \"Hard disk size\": \"1 TB\"\n    }\n}\nconst response = await request(\"https://api.restful-api.dev/\")\n.post(\"/objects\")\n.send(body);\nconsole.log(response.statusCode);\nconsole.log(response.body);",
          "err": {},
          "uuid": "323dc5ba-6e62-4b05-8d2d-a6d613ee782f",
          "parentUUID": "a2cec18d-7dac-4b1e-8ea9-d6572a16631d",
          "isHook": false,
          "skipped": false
        },
        {
          "title": "Assertion",
          "fullTitle": "Assertion",
          "timedOut": false,
          "duration": 152,
          "state": "passed",
          "speed": "slow",
          "pass": true,
          "fail": false,
          "pending": false,
          "context": null,
          "code": "const response = await request(\"https://api.restful-api.dev/\").get(\"objects\");\n// // assertion dengan assert syntax\n// assert.equal(response.status, 200);\n// // assertion dengan assert syntax\n// expect(response.status).to.equal(200);\n// // assertion dengan assert syntax\n// should(response.status === 200)\nexpect(response.status).to.equal(200);\nexpect(response.body[0].id).to.equal('1');\nexpect(response.body[0].name).to.equal('Google Pixel 6 Pro');",
          "err": {},
          "uuid": "dbd9bf29-5876-4a36-91a3-830187dcdf97",
          "parentUUID": "a2cec18d-7dac-4b1e-8ea9-d6572a16631d",
          "isHook": false,
          "skipped": false
        }
      ],
      "suites": [],
      "passes": [
        "038921a6-4453-4f47-be3d-8c4cb1b3d1e3",
        "323dc5ba-6e62-4b05-8d2d-a6d613ee782f",
        "dbd9bf29-5876-4a36-91a3-830187dcdf97"
      ],
      "failures": [],
      "pending": [],
      "skipped": [],
      "duration": 839,
      "root": true,
      "rootEmpty": false,
      "_timeout": 2000
    }
  ],
  "meta": {
    "mocha": {
      "version": "10.7.3"
    },
    "mochawesome": {
      "options": {
        "quiet": false,
        "reportFilename": "mochawesome",
        "saveHtml": true,
        "saveJson": true,
        "consoleReporter": "spec",
        "useInlineDiffs": false,
        "code": true
      },
      "version": "7.1.3"
    },
    "marge": {
      "options": null,
      "version": "6.2.0"
    }
  }
}